{
  message: 'success in reading all users',
  level: 'info',
  label: 'winston custom format',
  timestamp: '14-01-2025 10:26:56'
}
{
  message: 'success in reading all users',
  level: 'info',
  label: 'winston custom format',
  timestamp: '14-01-2025 10:43:34'
}
{
  message: 'success in reading all users',
  level: 'info',
  label: 'winston custom format',
  timestamp: '14-01-2025 11:38:58'
}
{
  message: 'success in reading all users',
  level: 'info',
  label: 'winston custom format',
  timestamp: '14-01-2025 11:40:30'
}
{
  message: 'success in reading all users',
  level: 'info',
  label: 'winston custom format',
  timestamp: '14-01-2025 11:50:35'
}
{
  message: 'success in reading all users',
  level: 'info',
  label: 'winston custom format',
  timestamp: '21-01-2025 09:13:23'
}
{
  message: 'success in reading all users',
  level: 'info',
  label: 'winston custom format',
  timestamp: '21-01-2025 09:15:02'
}
{
  message: 'success in reading all users',
  level: 'info',
  label: 'winston custom format',
  timestamp: '21-01-2025 09:23:06'
}
{
  message: 'success in reading all users',
  level: 'info',
  label: 'winston custom format',
  timestamp: '21-01-2025 09:35:17'
}
{
  message: 'success in reading all users',
  level: 'info',
  label: 'winston custom format',
  timestamp: '21-01-2025 09:37:48'
}
{
  message: 'success in reading all users',
  level: 'info',
  label: 'winston custom format',
  timestamp: '21-01-2025 09:38:10'
}
{
  message: 'success in reading all users',
  level: 'info',
  label: 'winston custom format',
  timestamp: '21-01-2025 09:40:21'
}
{
  message: 'success in reading all users',
  level: 'info',
  label: 'winston custom format',
  timestamp: '21-01-2025 09:44:47'
}
{
  message: 'success in reading all users',
  level: 'info',
  label: 'winston custom format',
  timestamp: '21-01-2025 09:49:14'
}
{
  message: 'success in reading all users',
  level: 'info',
  label: 'winston custom format',
  timestamp: '21-01-2025 09:49:41'
}
{
  message: 'success in reading all users',
  level: 'info',
  label: 'winston custom format',
  timestamp: '21-01-2025 09:51:48'
}
{
  message: 'success in reading all users',
  level: 'info',
  label: 'winston custom format',
  timestamp: '21-01-2025 09:54:35'
}
{
  message: 'success in reading all users',
  level: 'info',
  label: 'winston custom format',
  timestamp: '21-01-2025 09:55:15'
}
{
  message: 'success in reading all users',
  level: 'info',
  label: 'winston custom format',
  timestamp: '21-01-2025 09:56:28'
}
{
  message: 'success in reading all users',
  level: 'info',
  label: 'winston custom format',
  timestamp: '21-01-2025 09:58:39'
}
{
  message: 'success in reading all users',
  level: 'info',
  label: 'winston custom format',
  timestamp: '21-01-2025 10:08:06'
}
{
  message: 'success in reading all users',
  level: 'info',
  label: 'winston custom format',
  timestamp: '21-01-2025 10:11:44'
}
{
  message: 'success in reading all users',
  level: 'info',
  label: 'winston custom format',
  timestamp: '21-01-2025 10:13:05'
}
{
  message: 'success in reading all users',
  level: 'info',
  label: 'winston custom format',
  timestamp: '21-01-2025 10:17:59'
}
{
  message: 'success in reading all users',
  level: 'info',
  label: 'winston custom format',
  timestamp: '21-01-2025 10:19:02'
}
{
  message: 'success in reading all users',
  level: 'info',
  label: 'winston custom format',
  timestamp: '21-01-2025 10:19:41'
}
{
  message: 'success in reading all users',
  level: 'info',
  label: 'winston custom format',
  timestamp: '21-01-2025 10:25:14'
}
{
  message: 'success in reading all users',
  level: 'info',
  label: 'winston custom format',
  timestamp: '21-01-2025 10:25:55'
}
{
  message: 'success in reading all users',
  level: 'info',
  label: 'winston custom format',
  timestamp: '21-01-2025 10:26:42'
}
{
  message: 'success in reading all users',
  level: 'info',
  label: 'winston custom format',
  timestamp: '21-01-2025 10:27:07'
}
{
  message: 'success in reading all users',
  level: 'info',
  label: 'winston custom format',
  timestamp: '21-01-2025 11:23:54'
}
{
  message: 'success in reading all users',
  level: 'info',
  label: 'winston custom format',
  timestamp: '21-01-2025 11:26:51'
}
{
  message: 'success in reading all users',
  level: 'info',
  label: 'winston custom format',
  timestamp: '21-01-2025 11:29:24'
}
{
  message: 'success in reading all users',
  level: 'info',
  label: 'winston custom format',
  timestamp: '21-01-2025 11:29:56'
}
{
  message: 'success in reading all users',
  level: 'info',
  label: 'winston custom format',
  timestamp: '21-01-2025 11:30:40'
}
{
  message: 'success in reading all users',
  level: 'info',
  label: 'winston custom format',
  timestamp: '21-01-2025 11:33:13'
}
{
  message: 'success in reading all users',
  level: 'info',
  label: 'winston custom format',
  timestamp: '21-01-2025 12:12:38'
}
{
  message: 'success in reading all users',
  level: 'info',
  label: 'winston custom format',
  timestamp: '21-01-2025 12:14:03'
}
{
  message: 'success in reading all users',
  level: 'info',
  label: 'winston custom format',
  timestamp: '21-01-2025 12:16:03'
}
{
  message: 'success in reading all users',
  level: 'info',
  label: 'winston custom format',
  timestamp: '21-01-2025 12:25:52'
}
{
  message: 'success in reading all users',
  level: 'info',
  label: 'winston custom format',
  timestamp: '21-01-2025 12:26:42'
}
{
  message: 'success in reading all users',
  level: 'info',
  label: 'winston custom format',
  timestamp: '21-01-2025 12:28:12'
}
{
  message: 'success in reading all users',
  level: 'info',
  label: 'winston custom format',
  timestamp: '21-01-2025 12:35:09'
}
{
  message: 'success in reading all users',
  level: 'info',
  label: 'winston custom format',
  timestamp: '21-01-2025 12:35:47'
}
{
  message: 'success in reading all users',
  level: 'info',
  label: 'winston custom format',
  timestamp: '21-01-2025 12:36:24'
}
{
  message: 'success in reading all users',
  level: 'info',
  label: 'winston custom format',
  timestamp: '21-01-2025 12:36:48'
}
{
  message: 'success in reading all users',
  level: 'info',
  label: 'winston custom format',
  timestamp: '21-01-2025 12:38:03'
}
